nohup: ignoring input
Loop file is  /mnt/disk4/haitao/bysj_seu/geo_data/hic/script7/mustache_result/BT549_preprocessing_any/loops_BT549_unique_10000.bedpe
Motif file is  /mnt/disk4/haitao/bysj_seu/geo_data/hic/script7/CTCFbed/CTCF_hg19_all_filter_reduce.bed
Output file is  /mnt/disk4/haitao/bysj_seu/geo_data/hic/script7/mustache_result/BT549_preprocessing_any/CTCF_hg19_all_filter_reduce_BT549_unique_10kb_CTCF_orientation.pdf
Loop file is  /mnt/disk4/haitao/bysj_seu/geo_data/hic/script7/mustache_result/BT549_preprocessing_any/loops_BT549_common_10000.bedpe
Motif file is  /mnt/disk4/haitao/bysj_seu/geo_data/hic/script7/CTCFbed/CTCF_hg19_all_filter_reduce.bed
Output file is  /mnt/disk4/haitao/bysj_seu/geo_data/hic/script7/mustache_result/BT549_preprocessing_any/CTCF_hg19_all_filter_reduce_BT549_common_10kb_CTCF_orientation.pdf
Loop file is  /mnt/disk4/haitao/bysj_seu/geo_data/hic/script7/mustache_result/BT549_preprocessing_any/loops_HMEC_unique_10000.bedpe
Motif file is  /mnt/disk4/haitao/bysj_seu/geo_data/hic/script7/CTCFbed/CTCF_hg19_all_filter_reduce.bed
Output file is  /mnt/disk4/haitao/bysj_seu/geo_data/hic/script7/mustache_result/BT549_preprocessing_any/CTCF_hg19_all_filter_reduce_HMEC_unique_10kb_CTCF_orientation.pdf
Loop file is  /mnt/disk4/haitao/bysj_seu/geo_data/hic/script7/mustache_result/BT549_preprocessing_any/loops_HMEC_common_10000.bedpe
Motif file is  /mnt/disk4/haitao/bysj_seu/geo_data/hic/script7/CTCFbed/CTCF_hg19_all_filter_reduce.bed
Output file is  /mnt/disk4/haitao/bysj_seu/geo_data/hic/script7/mustache_result/BT549_preprocessing_any/CTCF_hg19_all_filter_reduce_HMEC_common_10kb_CTCF_orientation.pdf
Loop file is  /mnt/disk4/haitao/bysj_seu/geo_data/hic/script7/mustache_result/HCC70_preprocessing_any/loops_HCC70_unique_10000.bedpe
Motif file is  /mnt/disk4/haitao/bysj_seu/geo_data/hic/script7/CTCFbed/CTCF_hg19_all_filter_reduce.bed
Output file is  /mnt/disk4/haitao/bysj_seu/geo_data/hic/script7/mustache_result/HCC70_preprocessing_any/CTCF_hg19_all_filter_reduce_HCC70_unique_10kb_CTCF_orientation.pdf
Loop file is  /mnt/disk4/haitao/bysj_seu/geo_data/hic/script7/mustache_result/HCC70_preprocessing_any/loops_HCC70_common_10000.bedpe
Motif file is  /mnt/disk4/haitao/bysj_seu/geo_data/hic/script7/CTCFbed/CTCF_hg19_all_filter_reduce.bed
Output file is  /mnt/disk4/haitao/bysj_seu/geo_data/hic/script7/mustache_result/HCC70_preprocessing_any/CTCF_hg19_all_filter_reduce_HCC70_common_10kb_CTCF_orientation.pdf
Loop file is  /mnt/disk4/haitao/bysj_seu/geo_data/hic/script7/mustache_result/HCC70_preprocessing_any/loops_HMEC_unique_10000.bedpe
Motif file is  /mnt/disk4/haitao/bysj_seu/geo_data/hic/script7/CTCFbed/CTCF_hg19_all_filter_reduce.bed
Output file is  /mnt/disk4/haitao/bysj_seu/geo_data/hic/script7/mustache_result/HCC70_preprocessing_any/CTCF_hg19_all_filter_reduce_HMEC_unique_10kb_CTCF_orientation.pdf
Loop file is  /mnt/disk4/haitao/bysj_seu/geo_data/hic/script7/mustache_result/HCC70_preprocessing_any/loops_HMEC_common_10000.bedpe
Motif file is  /mnt/disk4/haitao/bysj_seu/geo_data/hic/script7/CTCFbed/CTCF_hg19_all_filter_reduce.bed
Output file is  /mnt/disk4/haitao/bysj_seu/geo_data/hic/script7/mustache_result/HCC70_preprocessing_any/CTCF_hg19_all_filter_reduce_HMEC_common_10kb_CTCF_orientation.pdf
Loop file is  /mnt/disk4/haitao/bysj_seu/geo_data/hic/script7/mustache_result/MB231_preprocessing_any/loops_MB231_unique_10000.bedpe
Motif file is  /mnt/disk4/haitao/bysj_seu/geo_data/hic/script7/CTCFbed/CTCF_hg19_all_filter_reduce.bed
Output file is  /mnt/disk4/haitao/bysj_seu/geo_data/hic/script7/mustache_result/MB231_preprocessing_any/CTCF_hg19_all_filter_reduce_MB231_unique_10kb_CTCF_orientation.pdf
Loop file is  /mnt/disk4/haitao/bysj_seu/geo_data/hic/script7/mustache_result/MB231_preprocessing_any/loops_MB231_common_10000.bedpe
Motif file is  /mnt/disk4/haitao/bysj_seu/geo_data/hic/script7/CTCFbed/CTCF_hg19_all_filter_reduce.bed
Output file is  /mnt/disk4/haitao/bysj_seu/geo_data/hic/script7/mustache_result/MB231_preprocessing_any/CTCF_hg19_all_filter_reduce_MB231_common_10kb_CTCF_orientation.pdf
Loop file is  /mnt/disk4/haitao/bysj_seu/geo_data/hic/script7/mustache_result/MB231_preprocessing_any/loops_HMEC_unique_10000.bedpe
Motif file is  /mnt/disk4/haitao/bysj_seu/geo_data/hic/script7/CTCFbed/CTCF_hg19_all_filter_reduce.bed
Output file is  /mnt/disk4/haitao/bysj_seu/geo_data/hic/script7/mustache_result/MB231_preprocessing_any/CTCF_hg19_all_filter_reduce_HMEC_unique_10kb_CTCF_orientation.pdf
Loop file is  /mnt/disk4/haitao/bysj_seu/geo_data/hic/script7/mustache_result/MB231_preprocessing_any/loops_HMEC_common_10000.bedpe
Motif file is  /mnt/disk4/haitao/bysj_seu/geo_data/hic/script7/CTCFbed/CTCF_hg19_all_filter_reduce.bed
Output file is  /mnt/disk4/haitao/bysj_seu/geo_data/hic/script7/mustache_result/MB231_preprocessing_any/CTCF_hg19_all_filter_reduce_HMEC_common_10kb_CTCF_orientation.pdf
Loop file is  /mnt/disk4/haitao/bysj_seu/geo_data/hic/script7/mustache_result/BT549_preprocessing_any/loops_BT549_unique_10000.bedpe
Motif file is  /mnt/disk4/haitao/bysj_seu/geo_data/hic/script7/CTCFbed/CTCF_hg19_all.bed
Output file is  /mnt/disk4/haitao/bysj_seu/geo_data/hic/script7/mustache_result/BT549_preprocessing_any/CTCF_hg19_all_BT549_unique_10kb_CTCF_orientation.pdf
Loop file is  /mnt/disk4/haitao/bysj_seu/geo_data/hic/script7/mustache_result/BT549_preprocessing_any/loops_BT549_common_10000.bedpe
Motif file is  /mnt/disk4/haitao/bysj_seu/geo_data/hic/script7/CTCFbed/CTCF_hg19_all.bed
Output file is  /mnt/disk4/haitao/bysj_seu/geo_data/hic/script7/mustache_result/BT549_preprocessing_any/CTCF_hg19_all_BT549_common_10kb_CTCF_orientation.pdf
Loop file is  /mnt/disk4/haitao/bysj_seu/geo_data/hic/script7/mustache_result/BT549_preprocessing_any/loops_HMEC_unique_10000.bedpe
Motif file is  /mnt/disk4/haitao/bysj_seu/geo_data/hic/script7/CTCFbed/CTCF_hg19_all.bed
Output file is  /mnt/disk4/haitao/bysj_seu/geo_data/hic/script7/mustache_result/BT549_preprocessing_any/CTCF_hg19_all_HMEC_unique_10kb_CTCF_orientation.pdf
Loop file is  /mnt/disk4/haitao/bysj_seu/geo_data/hic/script7/mustache_result/BT549_preprocessing_any/loops_HMEC_common_10000.bedpe
Motif file is  /mnt/disk4/haitao/bysj_seu/geo_data/hic/script7/CTCFbed/CTCF_hg19_all.bed
Output file is  /mnt/disk4/haitao/bysj_seu/geo_data/hic/script7/mustache_result/BT549_preprocessing_any/CTCF_hg19_all_HMEC_common_10kb_CTCF_orientation.pdf
Loop file is  /mnt/disk4/haitao/bysj_seu/geo_data/hic/script7/mustache_result/HCC70_preprocessing_any/loops_HCC70_unique_10000.bedpe
Motif file is  /mnt/disk4/haitao/bysj_seu/geo_data/hic/script7/CTCFbed/CTCF_hg19_all.bed
Output file is  /mnt/disk4/haitao/bysj_seu/geo_data/hic/script7/mustache_result/HCC70_preprocessing_any/CTCF_hg19_all_HCC70_unique_10kb_CTCF_orientation.pdf
Loop file is  /mnt/disk4/haitao/bysj_seu/geo_data/hic/script7/mustache_result/HCC70_preprocessing_any/loops_HCC70_common_10000.bedpe
Motif file is  /mnt/disk4/haitao/bysj_seu/geo_data/hic/script7/CTCFbed/CTCF_hg19_all.bed
Output file is  /mnt/disk4/haitao/bysj_seu/geo_data/hic/script7/mustache_result/HCC70_preprocessing_any/CTCF_hg19_all_HCC70_common_10kb_CTCF_orientation.pdf
Loop file is  /mnt/disk4/haitao/bysj_seu/geo_data/hic/script7/mustache_result/HCC70_preprocessing_any/loops_HMEC_unique_10000.bedpe
Motif file is  /mnt/disk4/haitao/bysj_seu/geo_data/hic/script7/CTCFbed/CTCF_hg19_all.bed
Output file is  /mnt/disk4/haitao/bysj_seu/geo_data/hic/script7/mustache_result/HCC70_preprocessing_any/CTCF_hg19_all_HMEC_unique_10kb_CTCF_orientation.pdf
Loop file is  /mnt/disk4/haitao/bysj_seu/geo_data/hic/script7/mustache_result/HCC70_preprocessing_any/loops_HMEC_common_10000.bedpe
Motif file is  /mnt/disk4/haitao/bysj_seu/geo_data/hic/script7/CTCFbed/CTCF_hg19_all.bed
Output file is  /mnt/disk4/haitao/bysj_seu/geo_data/hic/script7/mustache_result/HCC70_preprocessing_any/CTCF_hg19_all_HMEC_common_10kb_CTCF_orientation.pdf
Loop file is  /mnt/disk4/haitao/bysj_seu/geo_data/hic/script7/mustache_result/MB231_preprocessing_any/loops_MB231_unique_10000.bedpe
Motif file is  /mnt/disk4/haitao/bysj_seu/geo_data/hic/script7/CTCFbed/CTCF_hg19_all.bed
Output file is  /mnt/disk4/haitao/bysj_seu/geo_data/hic/script7/mustache_result/MB231_preprocessing_any/CTCF_hg19_all_MB231_unique_10kb_CTCF_orientation.pdf
Loop file is  /mnt/disk4/haitao/bysj_seu/geo_data/hic/script7/mustache_result/MB231_preprocessing_any/loops_MB231_common_10000.bedpe
Motif file is  /mnt/disk4/haitao/bysj_seu/geo_data/hic/script7/CTCFbed/CTCF_hg19_all.bed
Output file is  /mnt/disk4/haitao/bysj_seu/geo_data/hic/script7/mustache_result/MB231_preprocessing_any/CTCF_hg19_all_MB231_common_10kb_CTCF_orientation.pdf
Loop file is  /mnt/disk4/haitao/bysj_seu/geo_data/hic/script7/mustache_result/MB231_preprocessing_any/loops_HMEC_unique_10000.bedpe
Motif file is  /mnt/disk4/haitao/bysj_seu/geo_data/hic/script7/CTCFbed/CTCF_hg19_all.bed
Output file is  /mnt/disk4/haitao/bysj_seu/geo_data/hic/script7/mustache_result/MB231_preprocessing_any/CTCF_hg19_all_HMEC_unique_10kb_CTCF_orientation.pdf
Loop file is  /mnt/disk4/haitao/bysj_seu/geo_data/hic/script7/mustache_result/MB231_preprocessing_any/loops_HMEC_common_10000.bedpe
Motif file is  /mnt/disk4/haitao/bysj_seu/geo_data/hic/script7/CTCFbed/CTCF_hg19_all.bed
Output file is  /mnt/disk4/haitao/bysj_seu/geo_data/hic/script7/mustache_result/MB231_preprocessing_any/CTCF_hg19_all_HMEC_common_10kb_CTCF_orientation.pdf
