nohup: ignoring input
Loop file is  /mnt/disk4/haitao/bysj_seu/geo_data/hic/script7/mustache_result/preprocessing_any/loops_HMEC_unique_10000.bedpe
Motif file is  /mnt/disk4/haitao/bysj_seu/geo_data/other_omics/CTCF/HMEC_rep2_summits.bed
Output file is  /mnt/disk4/haitao/bysj_seu/geo_data/hic/script7/mustache_result/preprocessing_any/Loops/Mustache_HMEC_unique_10000_CTCF_orientation.pdf
Loop file is  /mnt/disk4/haitao/bysj_seu/geo_data/hic/script7/mustache_result/preprocessing_any/loops_HMEC_unique_10000.bedpe
Motif file is  /mnt/disk4/haitao/bysj_seu/geo_data/other_omics/CTCF/HMEC_rep2_summits.bed
Output file is  /mnt/disk4/haitao/bysj_seu/geo_data/hic/script7/mustache_result/preprocessing_any/Loops/Mustache_HMEC_unique_10000_CTCF_orientation.png
Loop file is  /mnt/disk4/haitao/bysj_seu/geo_data/hic/script7/mustache_result/preprocessing_any/loops_BT549_unique_10000.bedpe
Motif file is  /mnt/disk4/haitao/bysj_seu/geo_data/other_omics/CTCF/BT549_rep2_summits.bed
Output file is  /mnt/disk4/haitao/bysj_seu/geo_data/hic/script7/mustache_result/preprocessing_any/Loops/Mustache_BT549_unique_10000_CTCF_orientation.pdf
Loop file is  /mnt/disk4/haitao/bysj_seu/geo_data/hic/script7/mustache_result/preprocessing_any/loops_BT549_unique_10000.bedpe
Motif file is  /mnt/disk4/haitao/bysj_seu/geo_data/other_omics/CTCF/BT549_rep2_summits.bed
Output file is  /mnt/disk4/haitao/bysj_seu/geo_data/hic/script7/mustache_result/preprocessing_any/Loops/Mustache_BT549_unique_10000_CTCF_orientation.png
Loop file is  /mnt/disk4/haitao/bysj_seu/geo_data/hic/script7/mustache_result/preprocessing_any/loops_HMEC_common_10000.bedpe
Motif file is  /mnt/disk4/haitao/bysj_seu/geo_data/other_omics/CTCF/HMEC_rep2_summits.bed
Output file is  /mnt/disk4/haitao/bysj_seu/geo_data/hic/script7/mustache_result/preprocessing_any/Loops/Mustache_HMEC_common_10000_CTCF_orientation.pdf
Loop file is  /mnt/disk4/haitao/bysj_seu/geo_data/hic/script7/mustache_result/preprocessing_any/loops_HMEC_common_10000.bedpe
Motif file is  /mnt/disk4/haitao/bysj_seu/geo_data/other_omics/CTCF/HMEC_rep2_summits.bed
Output file is  /mnt/disk4/haitao/bysj_seu/geo_data/hic/script7/mustache_result/preprocessing_any/Loops/Mustache_HMEC_common_10000_CTCF_orientation.png
Loop file is  /mnt/disk4/haitao/bysj_seu/geo_data/hic/script7/mustache_result/preprocessing_any/loops_BT549_common_10000.bedpe
Motif file is  /mnt/disk4/haitao/bysj_seu/geo_data/other_omics/CTCF/BT549_rep2_summits.bed
Output file is  /mnt/disk4/haitao/bysj_seu/geo_data/hic/script7/mustache_result/preprocessing_any/Loops/Mustache_BT549_common_10000_CTCF_orientation.pdf
Loop file is  /mnt/disk4/haitao/bysj_seu/geo_data/hic/script7/mustache_result/preprocessing_any/loops_BT549_common_10000.bedpe
Motif file is  /mnt/disk4/haitao/bysj_seu/geo_data/other_omics/CTCF/BT549_rep2_summits.bed
Output file is  /mnt/disk4/haitao/bysj_seu/geo_data/hic/script7/mustache_result/preprocessing_any/Loops/Mustache_BT549_common_10000_CTCF_orientation.png
