nohup: ignoring input
 Mean Log2(width) for  /mnt/disk4/haitao/bysj_seu/geo_data/hic/script7/mustache_result/BT549_preprocessing_any/loops_HMEC_unique_10000.bedpe is:  18.492885174041593
 Median Log2(width) for  /mnt/disk4/haitao/bysj_seu/geo_data/hic/script7/mustache_result/BT549_preprocessing_any/loops_HMEC_unique_10000.bedpe is:  18.5731145984117
 Mean Log2(width) for  /mnt/disk4/haitao/bysj_seu/geo_data/hic/script7/mustache_result/BT549_preprocessing_any/loops_BT549_unique_10000.bedpe is:  18.027903574693344
 Median Log2(width) for  /mnt/disk4/haitao/bysj_seu/geo_data/hic/script7/mustache_result/BT549_preprocessing_any/loops_BT549_unique_10000.bedpe is:  17.98815209769054
 Mean Log2(width) for  /mnt/disk4/haitao/bysj_seu/geo_data/hic/script7/mustache_result/BT549_preprocessing_any/loops_HMEC_common_10000.bedpe is:  18.080696226129383
 Median Log2(width) for  /mnt/disk4/haitao/bysj_seu/geo_data/hic/script7/mustache_result/BT549_preprocessing_any/loops_HMEC_common_10000.bedpe is:  18.042599881712917
 Mean Log2(width) for  /mnt/disk4/haitao/bysj_seu/geo_data/hic/script7/mustache_result/BT549_preprocessing_any/loops_BT549_common_10000.bedpe is:  18.080808326498254
 Median Log2(width) for  /mnt/disk4/haitao/bysj_seu/geo_data/hic/script7/mustache_result/BT549_preprocessing_any/loops_BT549_common_10000.bedpe is:  18.042599881712917
 Mean Log2(width) for  /mnt/disk4/haitao/bysj_seu/geo_data/hic/script7/mustache_result/BT549_preprocessing_any/loops_HMEC_all_10000.bedpe is:  18.30803988078431
 Median Log2(width) for  /mnt/disk4/haitao/bysj_seu/geo_data/hic/script7/mustache_result/BT549_preprocessing_any/loops_HMEC_all_10000.bedpe is:  18.3321064989079
 Mean Log2(width) for  /mnt/disk4/haitao/bysj_seu/geo_data/hic/script7/mustache_result/BT549_preprocessing_any/loops_BT549_all_10000.bedpe is:  18.062208090340494
 Median Log2(width) for  /mnt/disk4/haitao/bysj_seu/geo_data/hic/script7/mustache_result/BT549_preprocessing_any/loops_BT549_all_10000.bedpe is:  18.042599881712917
 Mean Log2(width) for  /mnt/disk4/haitao/bysj_seu/geo_data/hic/script7/mustache_result/HCC70_preprocessing_any/loops_HMEC_unique_10000.bedpe is:  18.408014210466124
 Median Log2(width) for  /mnt/disk4/haitao/bysj_seu/geo_data/hic/script7/mustache_result/HCC70_preprocessing_any/loops_HMEC_unique_10000.bedpe is:  18.457637380991763
 Mean Log2(width) for  /mnt/disk4/haitao/bysj_seu/geo_data/hic/script7/mustache_result/HCC70_preprocessing_any/loops_HCC70_unique_10000.bedpe is:  18.5546045381837
 Median Log2(width) for  /mnt/disk4/haitao/bysj_seu/geo_data/hic/script7/mustache_result/HCC70_preprocessing_any/loops_HCC70_unique_10000.bedpe is:  18.645264384167533
 Mean Log2(width) for  /mnt/disk4/haitao/bysj_seu/geo_data/hic/script7/mustache_result/HCC70_preprocessing_any/loops_HMEC_common_10000.bedpe is:  18.182540190332674
 Median Log2(width) for  /mnt/disk4/haitao/bysj_seu/geo_data/hic/script7/mustache_result/HCC70_preprocessing_any/loops_HMEC_common_10000.bedpe is:  18.194602975157967
 Mean Log2(width) for  /mnt/disk4/haitao/bysj_seu/geo_data/hic/script7/mustache_result/HCC70_preprocessing_any/loops_HCC70_common_10000.bedpe is:  18.18682327480371
 Median Log2(width) for  /mnt/disk4/haitao/bysj_seu/geo_data/hic/script7/mustache_result/HCC70_preprocessing_any/loops_HCC70_common_10000.bedpe is:  18.194602975157967
 Mean Log2(width) for  /mnt/disk4/haitao/bysj_seu/geo_data/hic/script7/mustache_result/HCC70_preprocessing_any/loops_HMEC_all_10000.bedpe is:  18.30803988078431
 Median Log2(width) for  /mnt/disk4/haitao/bysj_seu/geo_data/hic/script7/mustache_result/HCC70_preprocessing_any/loops_HMEC_all_10000.bedpe is:  18.3321064989079
 Mean Log2(width) for  /mnt/disk4/haitao/bysj_seu/geo_data/hic/script7/mustache_result/HCC70_preprocessing_any/loops_HCC70_all_10000.bedpe is:  18.34248463447669
 Median Log2(width) for  /mnt/disk4/haitao/bysj_seu/geo_data/hic/script7/mustache_result/HCC70_preprocessing_any/loops_HCC70_all_10000.bedpe is:  18.37517522079979
 Mean Log2(width) for  /mnt/disk4/haitao/bysj_seu/geo_data/hic/script7/mustache_result/MB231_preprocessing_any/loops_HMEC_unique_10000.bedpe is:  18.43865936149077
 Median Log2(width) for  /mnt/disk4/haitao/bysj_seu/geo_data/hic/script7/mustache_result/MB231_preprocessing_any/loops_HMEC_unique_10000.bedpe is:  18.4971657451784
 Mean Log2(width) for  /mnt/disk4/haitao/bysj_seu/geo_data/hic/script7/mustache_result/MB231_preprocessing_any/loops_MB231_unique_10000.bedpe is:  18.19705670112784
 Median Log2(width) for  /mnt/disk4/haitao/bysj_seu/geo_data/hic/script7/mustache_result/MB231_preprocessing_any/loops_MB231_unique_10000.bedpe is:  18.194602975157967
 Mean Log2(width) for  /mnt/disk4/haitao/bysj_seu/geo_data/hic/script7/mustache_result/MB231_preprocessing_any/loops_HMEC_common_10000.bedpe is:  18.056182429035385
 Median Log2(width) for  /mnt/disk4/haitao/bysj_seu/geo_data/hic/script7/mustache_result/MB231_preprocessing_any/loops_HMEC_common_10000.bedpe is:  18.042599881712917
 Mean Log2(width) for  /mnt/disk4/haitao/bysj_seu/geo_data/hic/script7/mustache_result/MB231_preprocessing_any/loops_MB231_common_10000.bedpe is:  18.051606310907026
 Median Log2(width) for  /mnt/disk4/haitao/bysj_seu/geo_data/hic/script7/mustache_result/MB231_preprocessing_any/loops_MB231_common_10000.bedpe is:  17.98815209769054
 Mean Log2(width) for  /mnt/disk4/haitao/bysj_seu/geo_data/hic/script7/mustache_result/MB231_preprocessing_any/loops_HMEC_all_10000.bedpe is:  18.30803988078431
 Median Log2(width) for  /mnt/disk4/haitao/bysj_seu/geo_data/hic/script7/mustache_result/MB231_preprocessing_any/loops_HMEC_all_10000.bedpe is:  18.3321064989079
 Mean Log2(width) for  /mnt/disk4/haitao/bysj_seu/geo_data/hic/script7/mustache_result/MB231_preprocessing_any/loops_MB231_all_10000.bedpe is:  18.096992682058566
 Median Log2(width) for  /mnt/disk4/haitao/bysj_seu/geo_data/hic/script7/mustache_result/MB231_preprocessing_any/loops_MB231_all_10000.bedpe is:  18.095067301607052
