nohup: ignoring input
Loop file is  /mnt/disk4/haitao/bysj_seu/geo_data/hic/script7/mustache_result/TNBC_preprocessing_any/loops_TNBC_unique_10000.bedpe
Motif file is  /mnt/disk4/haitao/bysj_seu/geo_data/hic/script7/CTCFbed/CTCF.bed
Output file is  /mnt/disk4/haitao/bysj_seu/geo_data/hic/script7/mustache_result/TNBC_preprocessing_any/CTCF_TNBC_unique_10kb_CTCF_orientation.pdf
Loop file is  /mnt/disk4/haitao/bysj_seu/geo_data/hic/script7/mustache_result/TNBC_preprocessing_any/loops_TNBC_common_10000.bedpe
Motif file is  /mnt/disk4/haitao/bysj_seu/geo_data/hic/script7/CTCFbed/CTCF.bed
Output file is  /mnt/disk4/haitao/bysj_seu/geo_data/hic/script7/mustache_result/TNBC_preprocessing_any/CTCF_TNBC_common_10kb_CTCF_orientation.pdf
Loop file is  /mnt/disk4/haitao/bysj_seu/geo_data/hic/script7/mustache_result/TNBC_preprocessing_any/loops_HMEC_unique_10000.bedpe
Motif file is  /mnt/disk4/haitao/bysj_seu/geo_data/hic/script7/CTCFbed/CTCF.bed
Output file is  /mnt/disk4/haitao/bysj_seu/geo_data/hic/script7/mustache_result/TNBC_preprocessing_any/CTCF_HMEC_unique_10kb_CTCF_orientation.pdf
Loop file is  /mnt/disk4/haitao/bysj_seu/geo_data/hic/script7/mustache_result/TNBC_preprocessing_any/loops_HMEC_common_10000.bedpe
Motif file is  /mnt/disk4/haitao/bysj_seu/geo_data/hic/script7/CTCFbed/CTCF.bed
Output file is  /mnt/disk4/haitao/bysj_seu/geo_data/hic/script7/mustache_result/TNBC_preprocessing_any/CTCF_HMEC_common_10kb_CTCF_orientation.pdf
Loop file is  /mnt/disk4/haitao/bysj_seu/geo_data/hic/script7/mustache_result/TNBC_preprocessing_any/loops_TNBC_all_10000.bedpe
Motif file is  /mnt/disk4/haitao/bysj_seu/geo_data/hic/script7/CTCFbed/CTCF.bed
Output file is  /mnt/disk4/haitao/bysj_seu/geo_data/hic/script7/mustache_result/TNBC_preprocessing_any/CTCF_TNBC_all_10kb_CTCF_orientation.pdf
Loop file is  /mnt/disk4/haitao/bysj_seu/geo_data/hic/script7/mustache_result/TNBC_preprocessing_any/loops_HMEC_all_10000.bedpe
Motif file is  /mnt/disk4/haitao/bysj_seu/geo_data/hic/script7/CTCFbed/CTCF.bed
Output file is  /mnt/disk4/haitao/bysj_seu/geo_data/hic/script7/mustache_result/TNBC_preprocessing_any/CTCF_HMEC_all_10kb_CTCF_orientation.pdf
Loop file is  /mnt/disk4/haitao/bysj_seu/geo_data/hic/script7/mustache_result/TNBC_preprocessing_any/loops_TNBC_unique_10000.bedpe
Motif file is  /mnt/disk4/haitao/bysj_seu/geo_data/hic/script7/CTCFbed/CTCF_hg19_all_filter_reduce.bed
Output file is  /mnt/disk4/haitao/bysj_seu/geo_data/hic/script7/mustache_result/TNBC_preprocessing_any/CTCF_hg19_all_filter_reduce_TNBC_unique_10kb_CTCF_orientation.pdf
Loop file is  /mnt/disk4/haitao/bysj_seu/geo_data/hic/script7/mustache_result/TNBC_preprocessing_any/loops_TNBC_common_10000.bedpe
Motif file is  /mnt/disk4/haitao/bysj_seu/geo_data/hic/script7/CTCFbed/CTCF_hg19_all_filter_reduce.bed
Output file is  /mnt/disk4/haitao/bysj_seu/geo_data/hic/script7/mustache_result/TNBC_preprocessing_any/CTCF_hg19_all_filter_reduce_TNBC_common_10kb_CTCF_orientation.pdf
Loop file is  /mnt/disk4/haitao/bysj_seu/geo_data/hic/script7/mustache_result/TNBC_preprocessing_any/loops_HMEC_unique_10000.bedpe
Motif file is  /mnt/disk4/haitao/bysj_seu/geo_data/hic/script7/CTCFbed/CTCF_hg19_all_filter_reduce.bed
Output file is  /mnt/disk4/haitao/bysj_seu/geo_data/hic/script7/mustache_result/TNBC_preprocessing_any/CTCF_hg19_all_filter_reduce_HMEC_unique_10kb_CTCF_orientation.pdf
Loop file is  /mnt/disk4/haitao/bysj_seu/geo_data/hic/script7/mustache_result/TNBC_preprocessing_any/loops_HMEC_common_10000.bedpe
Motif file is  /mnt/disk4/haitao/bysj_seu/geo_data/hic/script7/CTCFbed/CTCF_hg19_all_filter_reduce.bed
Output file is  /mnt/disk4/haitao/bysj_seu/geo_data/hic/script7/mustache_result/TNBC_preprocessing_any/CTCF_hg19_all_filter_reduce_HMEC_common_10kb_CTCF_orientation.pdf
Loop file is  /mnt/disk4/haitao/bysj_seu/geo_data/hic/script7/mustache_result/TNBC_preprocessing_any/loops_TNBC_all_10000.bedpe
Motif file is  /mnt/disk4/haitao/bysj_seu/geo_data/hic/script7/CTCFbed/CTCF_hg19_all_filter_reduce.bed
Output file is  /mnt/disk4/haitao/bysj_seu/geo_data/hic/script7/mustache_result/TNBC_preprocessing_any/CTCF_hg19_all_filter_reduce_TNBC_all_10kb_CTCF_orientation.pdf
Loop file is  /mnt/disk4/haitao/bysj_seu/geo_data/hic/script7/mustache_result/TNBC_preprocessing_any/loops_HMEC_all_10000.bedpe
Motif file is  /mnt/disk4/haitao/bysj_seu/geo_data/hic/script7/CTCFbed/CTCF_hg19_all_filter_reduce.bed
Output file is  /mnt/disk4/haitao/bysj_seu/geo_data/hic/script7/mustache_result/TNBC_preprocessing_any/CTCF_hg19_all_filter_reduce_HMEC_all_10kb_CTCF_orientation.pdf
Loop file is  /mnt/disk4/haitao/bysj_seu/geo_data/hic/script7/mustache_result/TNBC_preprocessing_any/loops_TNBC_unique_10000.bedpe
Motif file is  /mnt/disk4/haitao/bysj_seu/geo_data/hic/script7/CTCFbed/CTCF_hg19_all.bed
Output file is  /mnt/disk4/haitao/bysj_seu/geo_data/hic/script7/mustache_result/TNBC_preprocessing_any/CTCF_hg19_all_TNBC_unique_10kb_CTCF_orientation.pdf
Loop file is  /mnt/disk4/haitao/bysj_seu/geo_data/hic/script7/mustache_result/TNBC_preprocessing_any/loops_TNBC_common_10000.bedpe
Motif file is  /mnt/disk4/haitao/bysj_seu/geo_data/hic/script7/CTCFbed/CTCF_hg19_all.bed
Output file is  /mnt/disk4/haitao/bysj_seu/geo_data/hic/script7/mustache_result/TNBC_preprocessing_any/CTCF_hg19_all_TNBC_common_10kb_CTCF_orientation.pdf
Loop file is  /mnt/disk4/haitao/bysj_seu/geo_data/hic/script7/mustache_result/TNBC_preprocessing_any/loops_HMEC_unique_10000.bedpe
Motif file is  /mnt/disk4/haitao/bysj_seu/geo_data/hic/script7/CTCFbed/CTCF_hg19_all.bed
Output file is  /mnt/disk4/haitao/bysj_seu/geo_data/hic/script7/mustache_result/TNBC_preprocessing_any/CTCF_hg19_all_HMEC_unique_10kb_CTCF_orientation.pdf
Loop file is  /mnt/disk4/haitao/bysj_seu/geo_data/hic/script7/mustache_result/TNBC_preprocessing_any/loops_HMEC_common_10000.bedpe
Motif file is  /mnt/disk4/haitao/bysj_seu/geo_data/hic/script7/CTCFbed/CTCF_hg19_all.bed
Output file is  /mnt/disk4/haitao/bysj_seu/geo_data/hic/script7/mustache_result/TNBC_preprocessing_any/CTCF_hg19_all_HMEC_common_10kb_CTCF_orientation.pdf
Loop file is  /mnt/disk4/haitao/bysj_seu/geo_data/hic/script7/mustache_result/TNBC_preprocessing_any/loops_TNBC_all_10000.bedpe
Motif file is  /mnt/disk4/haitao/bysj_seu/geo_data/hic/script7/CTCFbed/CTCF_hg19_all.bed
Output file is  /mnt/disk4/haitao/bysj_seu/geo_data/hic/script7/mustache_result/TNBC_preprocessing_any/CTCF_hg19_all_TNBC_all_10kb_CTCF_orientation.pdf
Loop file is  /mnt/disk4/haitao/bysj_seu/geo_data/hic/script7/mustache_result/TNBC_preprocessing_any/loops_HMEC_all_10000.bedpe
Motif file is  /mnt/disk4/haitao/bysj_seu/geo_data/hic/script7/CTCFbed/CTCF_hg19_all.bed
Output file is  /mnt/disk4/haitao/bysj_seu/geo_data/hic/script7/mustache_result/TNBC_preprocessing_any/CTCF_hg19_all_HMEC_all_10kb_CTCF_orientation.pdf
