nohup: ignoring input
INFO:pygenometracks.tracksClass:initialize 1. [x-axis]
INFO:pygenometracks.tracksClass:initialize 2. [hic]
INFO:pygenometracks.tracksClass:initialize 3. [tads]
  0%|          | 0/5 [00:00<?, ?it/s]100%|██████████| 5/5 [00:00<00:00, 24818.37it/s]
INFO:pygenometracks.tracksClass:initialize 4. [spacer]
INFO:pygenometracks.tracksClass:initialize 5. [score]
  0%|          | 0/71 [00:00<?, ?it/s]100%|██████████| 71/71 [00:00<00:00, 64541.74it/s]
INFO:pygenometracks.tracksClass:initialize 6. [hic]
INFO:pygenometracks.tracksClass:initialize 7. [tads]
  0%|          | 0/6 [00:00<?, ?it/s]100%|██████████| 6/6 [00:00<00:00, 32305.29it/s]
INFO:pygenometracks.tracksClass:initialize 8. [spacer]
INFO:pygenometracks.tracksClass:initialize 9. [score]
  0%|          | 0/71 [00:00<?, ?it/s]100%|██████████| 71/71 [00:00<00:00, 64388.23it/s]
INFO:pygenometracks.tracksClass:initialize 10. [hic]
INFO:pygenometracks.tracksClass:initialize 11. [tads]
WARNING:pygenometracks.utilities:BEDTools intersect raised an error:
***** ERROR: illegal number "4.2570952924527524e-08". Exiting...

Will not use BEDTools.

Value: 4.2570952924527524e-08 in field 7 is not an integer
 Only the first 6 fields will be used.
  0%|          | 0/695 [00:00<?, ?it/s]100%|██████████| 695/695 [00:00<00:00, 55596.61it/s]
INFO:pygenometracks.tracksClass:initialize 12. [spacer]
INFO:pygenometracks.tracksClass:initialize 13. [hic]
INFO:pygenometracks.tracksClass:initialize 14. [tads]
Value: 0.00020820442376339119 in field 7 is not an integer
 Only the first 6 fields will be used.
  0%|          | 0/2 [00:00<?, ?it/s]100%|██████████| 2/2 [00:00<00:00, 22192.08it/s]
INFO:pygenometracks.tracksClass:initialize 15. [spacer]
INFO:pygenometracks.tracksClass:initialize 16. [genes]
  0%|          | 0/15 [00:00<?, ?it/s]100%|██████████| 15/15 [00:00<00:00, 48210.39it/s]
INFO:pygenometracks.tracksClass:time initializing track(s):
INFO:pygenometracks.tracksClass:0.2678697109222412
DEBUG:pygenometracks.tracksClass:Figure size in cm is 40 x 35.62137674454846. Dpi is set to 72

INFO:pygenometracks.tracksClass:plotting 1. [x-axis]
INFO:pygenometracks.tracksClass:plotting 2. [hic]
INFO:pygenometracks.tracks.GenomeTrack:setting min, max values for track 2. [hic] to: 1.0, 182.61778849300543

INFO:pygenometracks.tracksClass:plotting 3. [tads]
INFO:pygenometracks.tracksClass:plotting 4. [spacer]
INFO:pygenometracks.tracksClass:plotting 5. [score]
INFO:pygenometracks.tracksClass:plotting 6. [hic]
INFO:pygenometracks.tracks.GenomeTrack:setting min, max values for track 6. [hic] to: 1.0, 242.4394622694681

INFO:pygenometracks.tracksClass:plotting 7. [tads]
INFO:pygenometracks.tracksClass:plotting 8. [spacer]
INFO:pygenometracks.tracksClass:plotting 9. [score]
INFO:pygenometracks.tracksClass:plotting 10. [hic]
INFO:pygenometracks.tracks.GenomeTrack:setting min, max values for track 10. [hic] to: 1.0, 182.61778849300543

INFO:pygenometracks.tracksClass:plotting 11. [tads]
INFO:pygenometracks.tracksClass:plotting 12. [spacer]
INFO:pygenometracks.tracksClass:plotting 13. [hic]
INFO:pygenometracks.tracks.GenomeTrack:setting min, max values for track 13. [hic] to: 1.0, 182.61778849300543

INFO:pygenometracks.tracksClass:plotting 14. [tads]
INFO:pygenometracks.tracksClass:plotting 15. [spacer]
INFO:pygenometracks.tracksClass:plotting 16. [genes]
DEBUG:pygenometracks.tracks.GenomeTrack:ylim 12.58,-0.08
