nohup: ignoring input
Run 'mamba init' to be able to run mamba activate/deactivate
and start a new shell session. Or use conda to activate/deactivate.

INFO  @ Wed, 27 Mar 2024 09:20:10: 
# Command line: callpeak -t SRR13755433.bam SRR13755434.bam -c SRR15567107.bam SRR15567108.bam -f BAM -g hs -n HCC70 -B --outdir HCC70
# ARGUMENTS LIST:
# name = HCC70
# format = BAM
# ChIP-seq file = ['SRR13755433.bam', 'SRR13755434.bam']
# control file = ['SRR15567107.bam', 'SRR15567108.bam']
# effective genome size = 2.70e+09
# band width = 300
# model fold = [5, 50]
# qvalue cutoff = 5.00e-02
# The maximum gap between significant sites is assigned as the read length/tag size.
# The minimum length of peaks is assigned as the predicted fragment length "d".
# Larger dataset will be scaled towards smaller dataset.
# Range for calculating regional lambda is: 1000 bps and 10000 bps
# Broad region calling is off
# Paired-End mode is off
 
INFO  @ Wed, 27 Mar 2024 09:20:10: #1 read tag files... 
INFO  @ Wed, 27 Mar 2024 09:20:10: #1 read treatment tags... 
INFO  @ Wed, 27 Mar 2024 09:20:11:  1000000 
INFO  @ Wed, 27 Mar 2024 09:20:12:  2000000 
INFO  @ Wed, 27 Mar 2024 09:20:14:  3000000 
INFO  @ Wed, 27 Mar 2024 09:20:15:  4000000 
INFO  @ Wed, 27 Mar 2024 09:20:16:  5000000 
INFO  @ Wed, 27 Mar 2024 09:20:18:  6000000 
INFO  @ Wed, 27 Mar 2024 09:20:19:  7000000 
INFO  @ Wed, 27 Mar 2024 09:20:20:  8000000 
INFO  @ Wed, 27 Mar 2024 09:20:21:  9000000 
INFO  @ Wed, 27 Mar 2024 09:20:23:  10000000 
INFO  @ Wed, 27 Mar 2024 09:20:24:  11000000 
INFO  @ Wed, 27 Mar 2024 09:20:25:  12000000 
INFO  @ Wed, 27 Mar 2024 09:20:27:  13000000 
INFO  @ Wed, 27 Mar 2024 09:20:28:  14000000 
INFO  @ Wed, 27 Mar 2024 09:20:29:  15000000 
INFO  @ Wed, 27 Mar 2024 09:20:31:  16000000 
INFO  @ Wed, 27 Mar 2024 09:20:32:  17000000 
INFO  @ Wed, 27 Mar 2024 09:20:33:  18000000 
INFO  @ Wed, 27 Mar 2024 09:20:35:  19000000 
INFO  @ Wed, 27 Mar 2024 09:20:36:  20000000 
INFO  @ Wed, 27 Mar 2024 09:20:37:  21000000 
INFO  @ Wed, 27 Mar 2024 09:20:38:  22000000 
INFO  @ Wed, 27 Mar 2024 09:20:40:  23000000 
INFO  @ Wed, 27 Mar 2024 09:20:41:  24000000 
INFO  @ Wed, 27 Mar 2024 09:20:42:  25000000 
INFO  @ Wed, 27 Mar 2024 09:20:44: 25291803 reads have been read. 
INFO  @ Wed, 27 Mar 2024 09:20:45:  1000000 
INFO  @ Wed, 27 Mar 2024 09:20:47:  2000000 
INFO  @ Wed, 27 Mar 2024 09:20:48:  3000000 
INFO  @ Wed, 27 Mar 2024 09:20:49:  4000000 
INFO  @ Wed, 27 Mar 2024 09:20:51:  5000000 
INFO  @ Wed, 27 Mar 2024 09:20:52:  6000000 
INFO  @ Wed, 27 Mar 2024 09:20:54:  7000000 
INFO  @ Wed, 27 Mar 2024 09:20:55:  8000000 
INFO  @ Wed, 27 Mar 2024 09:20:56:  9000000 
INFO  @ Wed, 27 Mar 2024 09:20:58:  10000000 
INFO  @ Wed, 27 Mar 2024 09:20:59:  11000000 
INFO  @ Wed, 27 Mar 2024 09:21:00:  12000000 
INFO  @ Wed, 27 Mar 2024 09:21:02:  13000000 
INFO  @ Wed, 27 Mar 2024 09:21:03:  14000000 
INFO  @ Wed, 27 Mar 2024 09:21:04:  15000000 
INFO  @ Wed, 27 Mar 2024 09:21:06:  16000000 
INFO  @ Wed, 27 Mar 2024 09:21:07:  17000000 
INFO  @ Wed, 27 Mar 2024 09:21:08:  18000000 
INFO  @ Wed, 27 Mar 2024 09:21:10:  19000000 
INFO  @ Wed, 27 Mar 2024 09:21:11:  20000000 
INFO  @ Wed, 27 Mar 2024 09:21:12:  21000000 
INFO  @ Wed, 27 Mar 2024 09:21:14:  22000000 
INFO  @ Wed, 27 Mar 2024 09:21:15:  23000000 
INFO  @ Wed, 27 Mar 2024 09:21:17:  24000000 
INFO  @ Wed, 27 Mar 2024 09:21:18:  25000000 
INFO  @ Wed, 27 Mar 2024 09:21:19:  26000000 
INFO  @ Wed, 27 Mar 2024 09:21:21:  27000000 
INFO  @ Wed, 27 Mar 2024 09:21:22:  28000000 
INFO  @ Wed, 27 Mar 2024 09:21:23:  29000000 
INFO  @ Wed, 27 Mar 2024 09:21:25:  30000000 
INFO  @ Wed, 27 Mar 2024 09:21:26:  31000000 
INFO  @ Wed, 27 Mar 2024 09:21:27:  32000000 
INFO  @ Wed, 27 Mar 2024 09:21:29:  33000000 
INFO  @ Wed, 27 Mar 2024 09:21:30:  34000000 
INFO  @ Wed, 27 Mar 2024 09:21:32:  35000000 
INFO  @ Wed, 27 Mar 2024 09:21:33:  36000000 
INFO  @ Wed, 27 Mar 2024 09:21:34:  37000000 
INFO  @ Wed, 27 Mar 2024 09:21:36:  38000000 
INFO  @ Wed, 27 Mar 2024 09:21:37:  39000000 
INFO  @ Wed, 27 Mar 2024 09:21:39: 39215913 reads have been read. 
INFO  @ Wed, 27 Mar 2024 09:21:39: #1.2 read input tags... 
INFO  @ Wed, 27 Mar 2024 09:21:41:  1000000 
INFO  @ Wed, 27 Mar 2024 09:21:42:  2000000 
INFO  @ Wed, 27 Mar 2024 09:21:43:  3000000 
INFO  @ Wed, 27 Mar 2024 09:21:44:  4000000 
INFO  @ Wed, 27 Mar 2024 09:21:46:  5000000 
INFO  @ Wed, 27 Mar 2024 09:21:47:  6000000 
INFO  @ Wed, 27 Mar 2024 09:21:48:  7000000 
INFO  @ Wed, 27 Mar 2024 09:21:50:  8000000 
INFO  @ Wed, 27 Mar 2024 09:21:51:  9000000 
INFO  @ Wed, 27 Mar 2024 09:21:52:  10000000 
INFO  @ Wed, 27 Mar 2024 09:21:54:  11000000 
INFO  @ Wed, 27 Mar 2024 09:21:55:  12000000 
INFO  @ Wed, 27 Mar 2024 09:21:56:  13000000 
INFO  @ Wed, 27 Mar 2024 09:21:58:  14000000 
INFO  @ Wed, 27 Mar 2024 09:21:59:  15000000 
INFO  @ Wed, 27 Mar 2024 09:22:00:  16000000 
INFO  @ Wed, 27 Mar 2024 09:22:01:  17000000 
INFO  @ Wed, 27 Mar 2024 09:22:03:  18000000 
INFO  @ Wed, 27 Mar 2024 09:22:04:  19000000 
INFO  @ Wed, 27 Mar 2024 09:22:05:  20000000 
INFO  @ Wed, 27 Mar 2024 09:22:07:  21000000 
INFO  @ Wed, 27 Mar 2024 09:22:08:  22000000 
INFO  @ Wed, 27 Mar 2024 09:22:09:  23000000 
INFO  @ Wed, 27 Mar 2024 09:22:11:  24000000 
INFO  @ Wed, 27 Mar 2024 09:22:12:  25000000 
INFO  @ Wed, 27 Mar 2024 09:22:13:  26000000 
INFO  @ Wed, 27 Mar 2024 09:22:14:  27000000 
INFO  @ Wed, 27 Mar 2024 09:22:16:  28000000 
INFO  @ Wed, 27 Mar 2024 09:22:17:  29000000 
INFO  @ Wed, 27 Mar 2024 09:22:18:  30000000 
INFO  @ Wed, 27 Mar 2024 09:22:20:  31000000 
INFO  @ Wed, 27 Mar 2024 09:22:21:  32000000 
INFO  @ Wed, 27 Mar 2024 09:22:22:  33000000 
INFO  @ Wed, 27 Mar 2024 09:22:24:  34000000 
INFO  @ Wed, 27 Mar 2024 09:22:25:  35000000 
INFO  @ Wed, 27 Mar 2024 09:22:26:  36000000 
INFO  @ Wed, 27 Mar 2024 09:22:28:  37000000 
INFO  @ Wed, 27 Mar 2024 09:22:29: 37438144 reads have been read. 
INFO  @ Wed, 27 Mar 2024 09:22:30:  1000000 
INFO  @ Wed, 27 Mar 2024 09:22:32:  2000000 
INFO  @ Wed, 27 Mar 2024 09:22:33:  3000000 
INFO  @ Wed, 27 Mar 2024 09:22:34:  4000000 
INFO  @ Wed, 27 Mar 2024 09:22:36:  5000000 
INFO  @ Wed, 27 Mar 2024 09:22:37:  6000000 
INFO  @ Wed, 27 Mar 2024 09:22:38:  7000000 
INFO  @ Wed, 27 Mar 2024 09:22:40:  8000000 
INFO  @ Wed, 27 Mar 2024 09:22:41:  9000000 
INFO  @ Wed, 27 Mar 2024 09:22:42:  10000000 
INFO  @ Wed, 27 Mar 2024 09:22:44:  11000000 
INFO  @ Wed, 27 Mar 2024 09:22:45:  12000000 
INFO  @ Wed, 27 Mar 2024 09:22:46:  13000000 
INFO  @ Wed, 27 Mar 2024 09:22:48:  14000000 
INFO  @ Wed, 27 Mar 2024 09:22:49:  15000000 
INFO  @ Wed, 27 Mar 2024 09:22:50:  16000000 
INFO  @ Wed, 27 Mar 2024 09:22:52:  17000000 
INFO  @ Wed, 27 Mar 2024 09:22:53:  18000000 
INFO  @ Wed, 27 Mar 2024 09:22:54:  19000000 
INFO  @ Wed, 27 Mar 2024 09:22:56:  20000000 
INFO  @ Wed, 27 Mar 2024 09:22:57:  21000000 
INFO  @ Wed, 27 Mar 2024 09:22:58:  22000000 
INFO  @ Wed, 27 Mar 2024 09:23:00:  23000000 
INFO  @ Wed, 27 Mar 2024 09:23:01:  24000000 
INFO  @ Wed, 27 Mar 2024 09:23:02:  25000000 
INFO  @ Wed, 27 Mar 2024 09:23:04:  26000000 
INFO  @ Wed, 27 Mar 2024 09:23:05:  27000000 
INFO  @ Wed, 27 Mar 2024 09:23:07:  28000000 
INFO  @ Wed, 27 Mar 2024 09:23:08:  29000000 
INFO  @ Wed, 27 Mar 2024 09:23:09:  30000000 
INFO  @ Wed, 27 Mar 2024 09:23:11:  31000000 
INFO  @ Wed, 27 Mar 2024 09:23:12:  32000000 
INFO  @ Wed, 27 Mar 2024 09:23:13:  33000000 
INFO  @ Wed, 27 Mar 2024 09:23:14: 33427142 reads have been read. 
INFO  @ Wed, 27 Mar 2024 09:23:15: #1 tag size is determined as 46 bps 
INFO  @ Wed, 27 Mar 2024 09:23:15: #1 tag size = 46.0 
INFO  @ Wed, 27 Mar 2024 09:23:15: #1  total tags in treatment: 64507716 
INFO  @ Wed, 27 Mar 2024 09:23:15: #1 user defined the maximum tags... 
INFO  @ Wed, 27 Mar 2024 09:23:15: #1 filter out redundant tags at the same location and the same strand by allowing at most 1 tag(s) 
INFO  @ Wed, 27 Mar 2024 09:23:15: #1  tags after filtering in treatment: 64012612 
INFO  @ Wed, 27 Mar 2024 09:23:15: #1  Redundant rate of treatment: 0.01 
INFO  @ Wed, 27 Mar 2024 09:23:15: #1  total tags in control: 70865286 
INFO  @ Wed, 27 Mar 2024 09:23:15: #1 user defined the maximum tags... 
INFO  @ Wed, 27 Mar 2024 09:23:15: #1 filter out redundant tags at the same location and the same strand by allowing at most 1 tag(s) 
INFO  @ Wed, 27 Mar 2024 09:23:15: #1  tags after filtering in control: 70316927 
INFO  @ Wed, 27 Mar 2024 09:23:15: #1  Redundant rate of control: 0.01 
INFO  @ Wed, 27 Mar 2024 09:23:15: #1 finished! 
INFO  @ Wed, 27 Mar 2024 09:23:15: #2 Build Peak Model... 
INFO  @ Wed, 27 Mar 2024 09:23:15: #2 looking for paired plus/minus strand peaks... 
INFO  @ Wed, 27 Mar 2024 09:23:20: #2 number of paired peaks: 9743 
INFO  @ Wed, 27 Mar 2024 09:23:20: start model_add_line... 
INFO  @ Wed, 27 Mar 2024 09:23:21: start X-correlation... 
INFO  @ Wed, 27 Mar 2024 09:23:21: end of X-cor 
INFO  @ Wed, 27 Mar 2024 09:23:21: #2 finished! 
INFO  @ Wed, 27 Mar 2024 09:23:21: #2 predicted fragment length is 164 bps 
INFO  @ Wed, 27 Mar 2024 09:23:21: #2 alternative fragment length(s) may be 164 bps 
INFO  @ Wed, 27 Mar 2024 09:23:21: #2.2 Generate R script for model : HCC70/HCC70_model.r 
INFO  @ Wed, 27 Mar 2024 09:23:21: #3 Call peaks... 
INFO  @ Wed, 27 Mar 2024 09:23:21: #3 Pre-compute pvalue-qvalue table... 
INFO  @ Wed, 27 Mar 2024 09:27:44: #3 In the peak calling step, the following will be performed simultaneously: 
INFO  @ Wed, 27 Mar 2024 09:27:44: #3   Write bedGraph files for treatment pileup (after scaling if necessary)... HCC70_treat_pileup.bdg 
INFO  @ Wed, 27 Mar 2024 09:27:44: #3   Write bedGraph files for control lambda (after scaling if necessary)... HCC70_control_lambda.bdg 
INFO  @ Wed, 27 Mar 2024 09:27:44: #3   Pileup will be based on sequencing depth in treatment. 
INFO  @ Wed, 27 Mar 2024 09:27:44: #3 Call peaks for each chromosome... 
INFO  @ Wed, 27 Mar 2024 09:31:55: #4 Write output xls file... HCC70/HCC70_peaks.xls 
INFO  @ Wed, 27 Mar 2024 09:31:55: #4 Write peak in narrowPeak format file... HCC70/HCC70_peaks.narrowPeak 
INFO  @ Wed, 27 Mar 2024 09:31:55: #4 Write summits bed file... HCC70/HCC70_summits.bed 
INFO  @ Wed, 27 Mar 2024 09:31:55: Done! 
INFO  @ Wed, 27 Mar 2024 09:31:59: 
# Command line: callpeak -t SRR13755435.bam SRR13755436.bam -c SRR15567109.bam SRR15567110.bam -f BAM -g hs -n BT549 -B --outdir BT549
# ARGUMENTS LIST:
# name = BT549
# format = BAM
# ChIP-seq file = ['SRR13755435.bam', 'SRR13755436.bam']
# control file = ['SRR15567109.bam', 'SRR15567110.bam']
# effective genome size = 2.70e+09
# band width = 300
# model fold = [5, 50]
# qvalue cutoff = 5.00e-02
# The maximum gap between significant sites is assigned as the read length/tag size.
# The minimum length of peaks is assigned as the predicted fragment length "d".
# Larger dataset will be scaled towards smaller dataset.
# Range for calculating regional lambda is: 1000 bps and 10000 bps
# Broad region calling is off
# Paired-End mode is off
 
INFO  @ Wed, 27 Mar 2024 09:31:59: #1 read tag files... 
INFO  @ Wed, 27 Mar 2024 09:31:59: #1 read treatment tags... 
INFO  @ Wed, 27 Mar 2024 09:32:00:  1000000 
INFO  @ Wed, 27 Mar 2024 09:32:02:  2000000 
INFO  @ Wed, 27 Mar 2024 09:32:03:  3000000 
INFO  @ Wed, 27 Mar 2024 09:32:04:  4000000 
INFO  @ Wed, 27 Mar 2024 09:32:05:  5000000 
INFO  @ Wed, 27 Mar 2024 09:32:07:  6000000 
INFO  @ Wed, 27 Mar 2024 09:32:08:  7000000 
INFO  @ Wed, 27 Mar 2024 09:32:09:  8000000 
INFO  @ Wed, 27 Mar 2024 09:32:11:  9000000 
INFO  @ Wed, 27 Mar 2024 09:32:12:  10000000 
INFO  @ Wed, 27 Mar 2024 09:32:13:  11000000 
INFO  @ Wed, 27 Mar 2024 09:32:15:  12000000 
INFO  @ Wed, 27 Mar 2024 09:32:16:  13000000 
INFO  @ Wed, 27 Mar 2024 09:32:17:  14000000 
INFO  @ Wed, 27 Mar 2024 09:32:18:  15000000 
INFO  @ Wed, 27 Mar 2024 09:32:20:  16000000 
INFO  @ Wed, 27 Mar 2024 09:32:21:  17000000 
INFO  @ Wed, 27 Mar 2024 09:32:22:  18000000 
INFO  @ Wed, 27 Mar 2024 09:32:24:  19000000 
INFO  @ Wed, 27 Mar 2024 09:32:26:  20000000 
INFO  @ Wed, 27 Mar 2024 09:32:29:  21000000 
INFO  @ Wed, 27 Mar 2024 09:32:32:  22000000 
INFO  @ Wed, 27 Mar 2024 09:32:34:  23000000 
INFO  @ Wed, 27 Mar 2024 09:32:36:  24000000 
INFO  @ Wed, 27 Mar 2024 09:32:37:  25000000 
INFO  @ Wed, 27 Mar 2024 09:32:39:  26000000 
INFO  @ Wed, 27 Mar 2024 09:32:41:  27000000 
INFO  @ Wed, 27 Mar 2024 09:32:42:  28000000 
INFO  @ Wed, 27 Mar 2024 09:32:49: 28369904 reads have been read. 
INFO  @ Wed, 27 Mar 2024 09:32:53:  1000000 
INFO  @ Wed, 27 Mar 2024 09:32:55:  2000000 
INFO  @ Wed, 27 Mar 2024 09:32:57:  3000000 
INFO  @ Wed, 27 Mar 2024 09:32:59:  4000000 
INFO  @ Wed, 27 Mar 2024 09:33:20:  5000000 
INFO  @ Wed, 27 Mar 2024 09:33:34:  6000000 
INFO  @ Wed, 27 Mar 2024 09:33:38:  7000000 
INFO  @ Wed, 27 Mar 2024 09:33:43:  8000000 
INFO  @ Wed, 27 Mar 2024 09:33:47:  9000000 
INFO  @ Wed, 27 Mar 2024 09:33:52:  10000000 
INFO  @ Wed, 27 Mar 2024 09:33:53:  11000000 
INFO  @ Wed, 27 Mar 2024 09:33:55:  12000000 
INFO  @ Wed, 27 Mar 2024 09:33:56:  13000000 
INFO  @ Wed, 27 Mar 2024 09:33:58:  14000000 
INFO  @ Wed, 27 Mar 2024 09:33:59:  15000000 
INFO  @ Wed, 27 Mar 2024 09:34:00:  16000000 
INFO  @ Wed, 27 Mar 2024 09:34:11:  17000000 
INFO  @ Wed, 27 Mar 2024 09:34:13:  18000000 
INFO  @ Wed, 27 Mar 2024 09:34:14:  19000000 
INFO  @ Wed, 27 Mar 2024 09:34:16:  20000000 
INFO  @ Wed, 27 Mar 2024 09:34:17:  21000000 
INFO  @ Wed, 27 Mar 2024 09:34:18:  22000000 
INFO  @ Wed, 27 Mar 2024 09:34:20:  23000000 
INFO  @ Wed, 27 Mar 2024 09:34:21:  24000000 
INFO  @ Wed, 27 Mar 2024 09:34:22:  25000000 
INFO  @ Wed, 27 Mar 2024 09:34:24:  26000000 
INFO  @ Wed, 27 Mar 2024 09:34:25:  27000000 
INFO  @ Wed, 27 Mar 2024 09:34:26:  28000000 
INFO  @ Wed, 27 Mar 2024 09:34:28:  29000000 
INFO  @ Wed, 27 Mar 2024 09:34:29:  30000000 
INFO  @ Wed, 27 Mar 2024 09:34:31:  31000000 
INFO  @ Wed, 27 Mar 2024 09:34:32:  32000000 
INFO  @ Wed, 27 Mar 2024 09:34:33:  33000000 
INFO  @ Wed, 27 Mar 2024 09:34:35:  34000000 
INFO  @ Wed, 27 Mar 2024 09:34:36:  35000000 
INFO  @ Wed, 27 Mar 2024 09:34:37:  36000000 
INFO  @ Wed, 27 Mar 2024 09:34:39:  37000000 
INFO  @ Wed, 27 Mar 2024 09:34:40:  38000000 
INFO  @ Wed, 27 Mar 2024 09:34:43: 38533050 reads have been read. 
INFO  @ Wed, 27 Mar 2024 09:34:43: #1.2 read input tags... 
INFO  @ Wed, 27 Mar 2024 09:34:44:  1000000 
INFO  @ Wed, 27 Mar 2024 09:34:46:  2000000 
INFO  @ Wed, 27 Mar 2024 09:34:47:  3000000 
INFO  @ Wed, 27 Mar 2024 09:34:48:  4000000 
INFO  @ Wed, 27 Mar 2024 09:34:50:  5000000 
INFO  @ Wed, 27 Mar 2024 09:34:51:  6000000 
INFO  @ Wed, 27 Mar 2024 09:34:52:  7000000 
INFO  @ Wed, 27 Mar 2024 09:34:54:  8000000 
INFO  @ Wed, 27 Mar 2024 09:34:55:  9000000 
INFO  @ Wed, 27 Mar 2024 09:34:56:  10000000 
INFO  @ Wed, 27 Mar 2024 09:34:58:  11000000 
INFO  @ Wed, 27 Mar 2024 09:34:59:  12000000 
INFO  @ Wed, 27 Mar 2024 09:35:00:  13000000 
INFO  @ Wed, 27 Mar 2024 09:35:01:  14000000 
INFO  @ Wed, 27 Mar 2024 09:35:03:  15000000 
INFO  @ Wed, 27 Mar 2024 09:35:04:  16000000 
INFO  @ Wed, 27 Mar 2024 09:35:05:  17000000 
INFO  @ Wed, 27 Mar 2024 09:35:07:  18000000 
INFO  @ Wed, 27 Mar 2024 09:35:08:  19000000 
INFO  @ Wed, 27 Mar 2024 09:35:09:  20000000 
INFO  @ Wed, 27 Mar 2024 09:35:11:  21000000 
INFO  @ Wed, 27 Mar 2024 09:35:12:  22000000 
INFO  @ Wed, 27 Mar 2024 09:35:13:  23000000 
INFO  @ Wed, 27 Mar 2024 09:35:15:  24000000 
INFO  @ Wed, 27 Mar 2024 09:35:16:  25000000 
INFO  @ Wed, 27 Mar 2024 09:35:17:  26000000 
INFO  @ Wed, 27 Mar 2024 09:35:19:  27000000 
INFO  @ Wed, 27 Mar 2024 09:35:20:  28000000 
INFO  @ Wed, 27 Mar 2024 09:35:21:  29000000 
INFO  @ Wed, 27 Mar 2024 09:35:23:  30000000 
INFO  @ Wed, 27 Mar 2024 09:35:24:  31000000 
INFO  @ Wed, 27 Mar 2024 09:35:26:  32000000 
INFO  @ Wed, 27 Mar 2024 09:35:27:  33000000 
INFO  @ Wed, 27 Mar 2024 09:35:29: 33559909 reads have been read. 
INFO  @ Wed, 27 Mar 2024 09:35:32:  1000000 
INFO  @ Wed, 27 Mar 2024 09:35:34:  2000000 
INFO  @ Wed, 27 Mar 2024 09:35:36:  3000000 
INFO  @ Wed, 27 Mar 2024 09:35:37:  4000000 
INFO  @ Wed, 27 Mar 2024 09:35:40:  5000000 
INFO  @ Wed, 27 Mar 2024 09:35:44:  6000000 
INFO  @ Wed, 27 Mar 2024 09:35:47:  7000000 
INFO  @ Wed, 27 Mar 2024 09:35:50:  8000000 
INFO  @ Wed, 27 Mar 2024 09:35:53:  9000000 
INFO  @ Wed, 27 Mar 2024 09:35:56:  10000000 
INFO  @ Wed, 27 Mar 2024 09:36:00:  11000000 
INFO  @ Wed, 27 Mar 2024 09:36:04:  12000000 
INFO  @ Wed, 27 Mar 2024 09:36:31:  13000000 
INFO  @ Wed, 27 Mar 2024 09:36:35:  14000000 
INFO  @ Wed, 27 Mar 2024 09:36:39:  15000000 
INFO  @ Wed, 27 Mar 2024 09:36:44:  16000000 
INFO  @ Wed, 27 Mar 2024 09:36:48:  17000000 
INFO  @ Wed, 27 Mar 2024 09:36:52:  18000000 
INFO  @ Wed, 27 Mar 2024 09:36:57:  19000000 
INFO  @ Wed, 27 Mar 2024 09:37:15:  20000000 
INFO  @ Wed, 27 Mar 2024 09:37:19:  21000000 
INFO  @ Wed, 27 Mar 2024 09:37:20:  22000000 
INFO  @ Wed, 27 Mar 2024 09:37:21:  23000000 
INFO  @ Wed, 27 Mar 2024 09:37:23:  24000000 
INFO  @ Wed, 27 Mar 2024 09:37:24:  25000000 
INFO  @ Wed, 27 Mar 2024 09:37:26:  26000000 
INFO  @ Wed, 27 Mar 2024 09:37:27:  27000000 
INFO  @ Wed, 27 Mar 2024 09:37:28:  28000000 
INFO  @ Wed, 27 Mar 2024 09:37:30:  29000000 
INFO  @ Wed, 27 Mar 2024 09:37:32: 29892324 reads have been read. 
INFO  @ Wed, 27 Mar 2024 09:37:32: #1 tag size is determined as 47 bps 
INFO  @ Wed, 27 Mar 2024 09:37:32: #1 tag size = 47.0 
INFO  @ Wed, 27 Mar 2024 09:37:32: #1  total tags in treatment: 66902954 
INFO  @ Wed, 27 Mar 2024 09:37:32: #1 user defined the maximum tags... 
INFO  @ Wed, 27 Mar 2024 09:37:32: #1 filter out redundant tags at the same location and the same strand by allowing at most 1 tag(s) 
INFO  @ Wed, 27 Mar 2024 09:37:32: #1  tags after filtering in treatment: 66341685 
INFO  @ Wed, 27 Mar 2024 09:37:32: #1  Redundant rate of treatment: 0.01 
INFO  @ Wed, 27 Mar 2024 09:37:32: #1  total tags in control: 63452233 
INFO  @ Wed, 27 Mar 2024 09:37:32: #1 user defined the maximum tags... 
INFO  @ Wed, 27 Mar 2024 09:37:32: #1 filter out redundant tags at the same location and the same strand by allowing at most 1 tag(s) 
INFO  @ Wed, 27 Mar 2024 09:37:33: #1  tags after filtering in control: 62958114 
INFO  @ Wed, 27 Mar 2024 09:37:33: #1  Redundant rate of control: 0.01 
INFO  @ Wed, 27 Mar 2024 09:37:33: #1 finished! 
INFO  @ Wed, 27 Mar 2024 09:37:33: #2 Build Peak Model... 
INFO  @ Wed, 27 Mar 2024 09:37:33: #2 looking for paired plus/minus strand peaks... 
INFO  @ Wed, 27 Mar 2024 09:37:38: #2 number of paired peaks: 8678 
INFO  @ Wed, 27 Mar 2024 09:37:38: start model_add_line... 
INFO  @ Wed, 27 Mar 2024 09:37:39: start X-correlation... 
INFO  @ Wed, 27 Mar 2024 09:37:39: end of X-cor 
INFO  @ Wed, 27 Mar 2024 09:37:39: #2 finished! 
INFO  @ Wed, 27 Mar 2024 09:37:39: #2 predicted fragment length is 154 bps 
INFO  @ Wed, 27 Mar 2024 09:37:39: #2 alternative fragment length(s) may be 154 bps 
INFO  @ Wed, 27 Mar 2024 09:37:39: #2.2 Generate R script for model : BT549/BT549_model.r 
INFO  @ Wed, 27 Mar 2024 09:37:39: #3 Call peaks... 
INFO  @ Wed, 27 Mar 2024 09:37:39: #3 Pre-compute pvalue-qvalue table... 
INFO  @ Wed, 27 Mar 2024 09:41:40: #3 In the peak calling step, the following will be performed simultaneously: 
INFO  @ Wed, 27 Mar 2024 09:41:40: #3   Write bedGraph files for treatment pileup (after scaling if necessary)... BT549_treat_pileup.bdg 
INFO  @ Wed, 27 Mar 2024 09:41:40: #3   Write bedGraph files for control lambda (after scaling if necessary)... BT549_control_lambda.bdg 
INFO  @ Wed, 27 Mar 2024 09:41:40: #3   Pileup will be based on sequencing depth in control. 
INFO  @ Wed, 27 Mar 2024 09:41:40: #3 Call peaks for each chromosome... 
INFO  @ Wed, 27 Mar 2024 09:45:47: #4 Write output xls file... BT549/BT549_peaks.xls 
INFO  @ Wed, 27 Mar 2024 09:45:47: #4 Write peak in narrowPeak format file... BT549/BT549_peaks.narrowPeak 
INFO  @ Wed, 27 Mar 2024 09:45:47: #4 Write summits bed file... BT549/BT549_summits.bed 
INFO  @ Wed, 27 Mar 2024 09:45:47: Done! 
INFO  @ Wed, 27 Mar 2024 09:45:48: 
# Command line: callpeak -t SRR13755425.bam SRR13755426.bam -c SRR15567099.bam SRR15567100.bam -f BAM -g hs -n HMEC -B --outdir HMEC
# ARGUMENTS LIST:
# name = HMEC
# format = BAM
# ChIP-seq file = ['SRR13755425.bam', 'SRR13755426.bam']
# control file = ['SRR15567099.bam', 'SRR15567100.bam']
# effective genome size = 2.70e+09
# band width = 300
# model fold = [5, 50]
# qvalue cutoff = 5.00e-02
# The maximum gap between significant sites is assigned as the read length/tag size.
# The minimum length of peaks is assigned as the predicted fragment length "d".
# Larger dataset will be scaled towards smaller dataset.
# Range for calculating regional lambda is: 1000 bps and 10000 bps
# Broad region calling is off
# Paired-End mode is off
 
INFO  @ Wed, 27 Mar 2024 09:45:48: #1 read tag files... 
INFO  @ Wed, 27 Mar 2024 09:45:48: #1 read treatment tags... 
INFO  @ Wed, 27 Mar 2024 09:45:49:  1000000 
INFO  @ Wed, 27 Mar 2024 09:45:50:  2000000 
INFO  @ Wed, 27 Mar 2024 09:45:52:  3000000 
INFO  @ Wed, 27 Mar 2024 09:45:53:  4000000 
INFO  @ Wed, 27 Mar 2024 09:45:54:  5000000 
INFO  @ Wed, 27 Mar 2024 09:45:55:  6000000 
INFO  @ Wed, 27 Mar 2024 09:45:57:  7000000 
INFO  @ Wed, 27 Mar 2024 09:45:58:  8000000 
INFO  @ Wed, 27 Mar 2024 09:45:59:  9000000 
INFO  @ Wed, 27 Mar 2024 09:46:01:  10000000 
INFO  @ Wed, 27 Mar 2024 09:46:02:  11000000 
INFO  @ Wed, 27 Mar 2024 09:46:03:  12000000 
INFO  @ Wed, 27 Mar 2024 09:46:05:  13000000 
INFO  @ Wed, 27 Mar 2024 09:46:06:  14000000 
INFO  @ Wed, 27 Mar 2024 09:46:07:  15000000 
INFO  @ Wed, 27 Mar 2024 09:46:09:  16000000 
INFO  @ Wed, 27 Mar 2024 09:46:10:  17000000 
INFO  @ Wed, 27 Mar 2024 09:46:11:  18000000 
INFO  @ Wed, 27 Mar 2024 09:46:13:  19000000 
INFO  @ Wed, 27 Mar 2024 09:46:14:  20000000 
INFO  @ Wed, 27 Mar 2024 09:46:15:  21000000 
INFO  @ Wed, 27 Mar 2024 09:46:16:  22000000 
INFO  @ Wed, 27 Mar 2024 09:46:21: 22053274 reads have been read. 
INFO  @ Wed, 27 Mar 2024 09:46:23:  1000000 
INFO  @ Wed, 27 Mar 2024 09:46:24:  2000000 
INFO  @ Wed, 27 Mar 2024 09:46:26:  3000000 
INFO  @ Wed, 27 Mar 2024 09:46:27:  4000000 
INFO  @ Wed, 27 Mar 2024 09:46:28:  5000000 
INFO  @ Wed, 27 Mar 2024 09:46:30:  6000000 
INFO  @ Wed, 27 Mar 2024 09:46:31:  7000000 
INFO  @ Wed, 27 Mar 2024 09:46:32:  8000000 
INFO  @ Wed, 27 Mar 2024 09:46:34:  9000000 
INFO  @ Wed, 27 Mar 2024 09:46:35:  10000000 
INFO  @ Wed, 27 Mar 2024 09:46:37:  11000000 
INFO  @ Wed, 27 Mar 2024 09:46:38:  12000000 
INFO  @ Wed, 27 Mar 2024 09:46:40:  13000000 
INFO  @ Wed, 27 Mar 2024 09:46:44:  14000000 
INFO  @ Wed, 27 Mar 2024 09:46:49:  15000000 
INFO  @ Wed, 27 Mar 2024 09:46:59:  16000000 
INFO  @ Wed, 27 Mar 2024 09:47:04:  17000000 
INFO  @ Wed, 27 Mar 2024 09:47:09:  18000000 
INFO  @ Wed, 27 Mar 2024 09:48:02: 18940603 reads have been read. 
INFO  @ Wed, 27 Mar 2024 09:48:02: #1.2 read input tags... 
INFO  @ Wed, 27 Mar 2024 09:48:03:  1000000 
INFO  @ Wed, 27 Mar 2024 09:48:05:  2000000 
INFO  @ Wed, 27 Mar 2024 09:48:06:  3000000 
INFO  @ Wed, 27 Mar 2024 09:48:07:  4000000 
INFO  @ Wed, 27 Mar 2024 09:48:09:  5000000 
INFO  @ Wed, 27 Mar 2024 09:48:10:  6000000 
INFO  @ Wed, 27 Mar 2024 09:48:11:  7000000 
INFO  @ Wed, 27 Mar 2024 09:48:13:  8000000 
INFO  @ Wed, 27 Mar 2024 09:48:14:  9000000 
INFO  @ Wed, 27 Mar 2024 09:48:15:  10000000 
INFO  @ Wed, 27 Mar 2024 09:48:17:  11000000 
INFO  @ Wed, 27 Mar 2024 09:48:18:  12000000 
INFO  @ Wed, 27 Mar 2024 09:48:19:  13000000 
INFO  @ Wed, 27 Mar 2024 09:48:20:  14000000 
INFO  @ Wed, 27 Mar 2024 09:48:22:  15000000 
INFO  @ Wed, 27 Mar 2024 09:48:23:  16000000 
INFO  @ Wed, 27 Mar 2024 09:48:24:  17000000 
INFO  @ Wed, 27 Mar 2024 09:48:26:  18000000 
INFO  @ Wed, 27 Mar 2024 09:48:27:  19000000 
INFO  @ Wed, 27 Mar 2024 09:48:28:  20000000 
INFO  @ Wed, 27 Mar 2024 09:48:30:  21000000 
INFO  @ Wed, 27 Mar 2024 09:48:31:  22000000 
INFO  @ Wed, 27 Mar 2024 09:48:32:  23000000 
INFO  @ Wed, 27 Mar 2024 09:48:34:  24000000 
INFO  @ Wed, 27 Mar 2024 09:48:35:  25000000 
INFO  @ Wed, 27 Mar 2024 09:48:36:  26000000 
INFO  @ Wed, 27 Mar 2024 09:48:38:  27000000 
INFO  @ Wed, 27 Mar 2024 09:48:39:  28000000 
INFO  @ Wed, 27 Mar 2024 09:48:40:  29000000 
INFO  @ Wed, 27 Mar 2024 09:48:42:  30000000 
INFO  @ Wed, 27 Mar 2024 09:48:43:  31000000 
INFO  @ Wed, 27 Mar 2024 09:48:44:  32000000 
INFO  @ Wed, 27 Mar 2024 09:48:46:  33000000 
INFO  @ Wed, 27 Mar 2024 09:48:47: 33237278 reads have been read. 
INFO  @ Wed, 27 Mar 2024 09:48:48:  1000000 
INFO  @ Wed, 27 Mar 2024 09:48:50:  2000000 
INFO  @ Wed, 27 Mar 2024 09:48:51:  3000000 
INFO  @ Wed, 27 Mar 2024 09:48:53:  4000000 
INFO  @ Wed, 27 Mar 2024 09:48:54:  5000000 
INFO  @ Wed, 27 Mar 2024 09:48:55:  6000000 
INFO  @ Wed, 27 Mar 2024 09:48:57:  7000000 
INFO  @ Wed, 27 Mar 2024 09:48:58:  8000000 
INFO  @ Wed, 27 Mar 2024 09:48:59:  9000000 
INFO  @ Wed, 27 Mar 2024 09:49:01:  10000000 
INFO  @ Wed, 27 Mar 2024 09:49:02:  11000000 
INFO  @ Wed, 27 Mar 2024 09:49:04:  12000000 
INFO  @ Wed, 27 Mar 2024 09:49:05:  13000000 
INFO  @ Wed, 27 Mar 2024 09:49:06:  14000000 
INFO  @ Wed, 27 Mar 2024 09:49:08:  15000000 
INFO  @ Wed, 27 Mar 2024 09:49:09:  16000000 
INFO  @ Wed, 27 Mar 2024 09:49:11:  17000000 
INFO  @ Wed, 27 Mar 2024 09:49:12:  18000000 
INFO  @ Wed, 27 Mar 2024 09:49:13:  19000000 
INFO  @ Wed, 27 Mar 2024 09:49:15:  20000000 
INFO  @ Wed, 27 Mar 2024 09:49:16:  21000000 
INFO  @ Wed, 27 Mar 2024 09:49:17:  22000000 
INFO  @ Wed, 27 Mar 2024 09:49:19:  23000000 
INFO  @ Wed, 27 Mar 2024 09:49:20:  24000000 
INFO  @ Wed, 27 Mar 2024 09:49:22:  25000000 
INFO  @ Wed, 27 Mar 2024 09:49:23:  26000000 
INFO  @ Wed, 27 Mar 2024 09:49:24:  27000000 
INFO  @ Wed, 27 Mar 2024 09:49:26:  28000000 
INFO  @ Wed, 27 Mar 2024 09:49:27: 28345242 reads have been read. 
INFO  @ Wed, 27 Mar 2024 09:49:27: #1 tag size is determined as 46 bps 
INFO  @ Wed, 27 Mar 2024 09:49:27: #1 tag size = 46.0 
INFO  @ Wed, 27 Mar 2024 09:49:27: #1  total tags in treatment: 40993877 
INFO  @ Wed, 27 Mar 2024 09:49:27: #1 user defined the maximum tags... 
INFO  @ Wed, 27 Mar 2024 09:49:27: #1 filter out redundant tags at the same location and the same strand by allowing at most 1 tag(s) 
INFO  @ Wed, 27 Mar 2024 09:49:28: #1  tags after filtering in treatment: 40679535 
INFO  @ Wed, 27 Mar 2024 09:49:28: #1  Redundant rate of treatment: 0.01 
INFO  @ Wed, 27 Mar 2024 09:49:28: #1  total tags in control: 61582520 
INFO  @ Wed, 27 Mar 2024 09:49:28: #1 user defined the maximum tags... 
INFO  @ Wed, 27 Mar 2024 09:49:28: #1 filter out redundant tags at the same location and the same strand by allowing at most 1 tag(s) 
INFO  @ Wed, 27 Mar 2024 09:49:28: #1  tags after filtering in control: 61106502 
INFO  @ Wed, 27 Mar 2024 09:49:28: #1  Redundant rate of control: 0.01 
INFO  @ Wed, 27 Mar 2024 09:49:28: #1 finished! 
INFO  @ Wed, 27 Mar 2024 09:49:28: #2 Build Peak Model... 
INFO  @ Wed, 27 Mar 2024 09:49:28: #2 looking for paired plus/minus strand peaks... 
INFO  @ Wed, 27 Mar 2024 09:49:31: #2 number of paired peaks: 7729 
INFO  @ Wed, 27 Mar 2024 09:49:31: start model_add_line... 
INFO  @ Wed, 27 Mar 2024 09:49:32: start X-correlation... 
INFO  @ Wed, 27 Mar 2024 09:49:32: end of X-cor 
INFO  @ Wed, 27 Mar 2024 09:49:32: #2 finished! 
INFO  @ Wed, 27 Mar 2024 09:49:32: #2 predicted fragment length is 48 bps 
INFO  @ Wed, 27 Mar 2024 09:49:32: #2 alternative fragment length(s) may be 48,126 bps 
INFO  @ Wed, 27 Mar 2024 09:49:32: #2.2 Generate R script for model : HMEC/HMEC_model.r 
WARNING @ Wed, 27 Mar 2024 09:49:32: #2 Since the d (48) calculated from paired-peaks are smaller than 2*tag length, it may be influenced by unknown sequencing problem! 
WARNING @ Wed, 27 Mar 2024 09:49:32: #2 You may need to consider one of the other alternative d(s): 48,126 
WARNING @ Wed, 27 Mar 2024 09:49:32: #2 You can restart the process with --nomodel --extsize XXX with your choice or an arbitrary number. Nontheless, MACS will continute computing. 
INFO  @ Wed, 27 Mar 2024 09:49:32: #3 Call peaks... 
INFO  @ Wed, 27 Mar 2024 09:49:32: #3 Pre-compute pvalue-qvalue table... 
INFO  @ Wed, 27 Mar 2024 09:52:58: #3 In the peak calling step, the following will be performed simultaneously: 
INFO  @ Wed, 27 Mar 2024 09:52:58: #3   Write bedGraph files for treatment pileup (after scaling if necessary)... HMEC_treat_pileup.bdg 
INFO  @ Wed, 27 Mar 2024 09:52:58: #3   Write bedGraph files for control lambda (after scaling if necessary)... HMEC_control_lambda.bdg 
INFO  @ Wed, 27 Mar 2024 09:52:58: #3   Pileup will be based on sequencing depth in treatment. 
INFO  @ Wed, 27 Mar 2024 09:52:58: #3 Call peaks for each chromosome... 
INFO  @ Wed, 27 Mar 2024 09:56:21: #4 Write output xls file... HMEC/HMEC_peaks.xls 
INFO  @ Wed, 27 Mar 2024 09:56:21: #4 Write peak in narrowPeak format file... HMEC/HMEC_peaks.narrowPeak 
INFO  @ Wed, 27 Mar 2024 09:56:21: #4 Write summits bed file... HMEC/HMEC_summits.bed 
INFO  @ Wed, 27 Mar 2024 09:56:21: Done! 
